<?xml version="1.0" encoding="UTF-8"?>
<testng-results ignored="2" total="3" passed="1" failed="0" skipped="0">
  <reporter-output>
  </reporter-output>
  <suite started-at="2024-06-10T14:11:02 IST" name="Suite" finished-at="2024-06-10T14:11:33 IST" duration-ms="30643">
    <groups>
      <group name="sanity">
        <method signature="RediffLoginTC1.rediffTC1()[pri:0, instance:RediffTestCases.RediffLoginTC1@49ec71f8]" name="rediffTC1" class="RediffTestCases.RediffLoginTC1"/>
      </group> <!-- sanity -->
    </groups>
    <test started-at="2024-06-10T14:11:02 IST" name="Test" finished-at="2024-06-10T14:11:33 IST" duration-ms="30643">
      <class name="RediffTestCases.RediffLoginTC1">
        <test-method is-config="true" signature="invokeBrowser()[pri:0, instance:RediffTestCases.RediffLoginTC1@49ec71f8]" started-at="2024-06-10T14:11:02 IST" name="invokeBrowser" finished-at="2024-06-10T14:11:13 IST" duration-ms="11117" status="PASS">
          <reporter-output>
          </reporter-output>
        </test-method> <!-- invokeBrowser -->
        <test-method signature="rediffTC1()[pri:0, instance:RediffTestCases.RediffLoginTC1@49ec71f8]" started-at="2024-06-10T14:11:13 IST" name="rediffTC1" finished-at="2024-06-10T14:11:28 IST" duration-ms="15025" status="PASS">
          <reporter-output>
          </reporter-output>
        </test-method> <!-- rediffTC1 -->
        <test-method is-config="true" signature="tearDown()[pri:0, instance:RediffTestCases.RediffLoginTC1@49ec71f8]" started-at="2024-06-10T14:11:28 IST" name="tearDown" finished-at="2024-06-10T14:11:33 IST" duration-ms="4416" status="PASS">
          <reporter-output>
          </reporter-output>
        </test-method> <!-- tearDown -->
      </class> <!-- RediffTestCases.RediffLoginTC1 -->
    </test> <!-- Test -->
  </suite> <!-- Suite -->
</testng-results>
