<?xml version="1.0" encoding="UTF-8"?>
<!-- Generated by org.testng.reporters.JUnitXMLReporter -->
<testsuite ignored="2" hostname="DESKTOP-T6DRP6P" failures="0" tests="1" name="Test" time="30.643" errors="0" timestamp="2024-06-10T14:11:33 IST">
  <testcase classname="RediffTestCases.RediffLoginTC1" name="rediffTC1" time="15.025"/>
  <testcase classname="RediffTestCases.RediffLoginTC1" name="rediffTC3" time="0.0">
    <ignored/>
  </testcase> <!-- rediffTC3 -->
  <testcase classname="RediffTestCases.RediffLoginTC1" name="rediffTC2" time="0.0">
    <ignored/>
  </testcase> <!-- rediffTC2 -->
</testsuite> <!-- Test -->
